<?xml version="1.0" encoding="UTF-8"?>
<!-- Generated by org.testng.reporters.JUnitReportReporter -->
<testsuite hostname="Hshraddha" failures="0" tests="1" name="com.cyient.test.FindACrusisesTest" time="47.127" errors="0" timestamp="2021-06-08T23:43:05 IST" skipped="0">
  <testcase classname="com.cyient.test.FindACrusisesTest" name="signinInvalidCredential" time="47.127"/>
  <system-out/>
</testsuite> <!-- com.cyient.test.FindACrusisesTest -->
