<?xml version="1.0" encoding="UTF-8"?>
<!-- Generated by org.testng.reporters.JUnitReportReporter -->
<testsuite hostname="Hshraddha" failures="0" tests="1" name="com.cyient.test.LoginTest" time="19.807" errors="0" timestamp="2021-06-06T20:58:00 IST" skipped="0">
  <testcase classname="com.cyient.test.LoginTest" name="validCredential" time="19.807"/>
  <system-out/>
</testsuite> <!-- com.cyient.test.LoginTest -->
